fatal: GET con /loggerTest - 22/7/2023
error: TEST - Error
fatal: TEST - Fatal
fatal: GET con /favicon.ico - 22/7/2023
fatal: undefined {"view":{"defaultEngine":"handlebars","ext":".handlebars","name":"notFound","root":"C:\\Users\\Admin\\Desktop\\proyecto2\\src\\utils/views"}}
fatal: GET con /loggerTest - 22/7/2023
error: TEST - Error
fatal: TEST - Fatal
fatal: GET con /favicon.ico - 22/7/2023
fatal: undefined {"view":{"defaultEngine":"handlebars","ext":".handlebars","name":"notFound","root":"C:\\Users\\Admin\\Desktop\\proyecto2\\src\\utils/views"}}
fatal: GET con /loggerTest - 22/7/2023
error: TEST - Error
fatal: TEST - Fatal
fatal: GET con /favicon.ico - 22/7/2023
fatal: undefined {"view":{"defaultEngine":"handlebars","ext":".handlebars","name":"notFound","root":"C:\\Users\\Admin\\Desktop\\proyecto2\\src\\utils/views"}}
fatal: GET con /loggerTest - 22/7/2023
error: TEST - Error
fatal: TEST - Fatal
fatal: GET con /favicon.ico - 22/7/2023
fatal: undefined {"view":{"defaultEngine":"handlebars","ext":".handlebars","name":"notFound","root":"C:\\Users\\Admin\\Desktop\\proyecto2\\src\\utils/views"}}
fatal: GET con /apidocs - 9/8/2023
fatal: GET con /apidocs/ - 9/8/2023
fatal: GET con /apidocs/swagger-ui.css - 9/8/2023
fatal: GET con /apidocs/swagger-ui-bundle.js - 9/8/2023
fatal: GET con /apidocs/swagger-ui-standalone-preset.js - 9/8/2023
fatal: GET con /apidocs/swagger-ui-init.js - 9/8/2023
fatal: GET con /apidocs/favicon-32x32.png - 9/8/2023
fatal: GET con /apidocs/ - 9/8/2023
fatal: GET con /apidocs/swagger-ui.css - 9/8/2023
fatal: GET con /apidocs/swagger-ui-bundle.js - 9/8/2023
fatal: GET con /apidocs/swagger-ui-standalone-preset.js - 9/8/2023
fatal: GET con /apidocs/swagger-ui-init.js - 9/8/2023
fatal: GET con /apidocs/favicon-32x32.png - 9/8/2023
fatal: GET con /apidocs - 10/8/2023
fatal: GET con /apidocs/ - 10/8/2023
fatal: GET con /apidocs/swagger-ui.css - 10/8/2023
fatal: GET con /apidocs/swagger-ui-bundle.js - 10/8/2023
fatal: GET con /apidocs/swagger-ui-standalone-preset.js - 10/8/2023
fatal: GET con /apidocs/swagger-ui-init.js - 10/8/2023
fatal: GET con /apidocs/favicon-32x32.png - 10/8/2023
fatal: GET con /apidocs/ - 10/8/2023
fatal: GET con /apidocs/swagger-ui.css - 10/8/2023
fatal: GET con /apidocs/swagger-ui-bundle.js - 10/8/2023
fatal: GET con /apidocs/swagger-ui-standalone-preset.js - 10/8/2023
fatal: GET con /apidocs/swagger-ui-init.js - 10/8/2023
fatal: GET con /apidocs/favicon-32x32.png - 10/8/2023
fatal: GET con /apidocs/ - 10/8/2023
fatal: GET con /apidocs/swagger-ui.css - 10/8/2023
fatal: GET con /apidocs/swagger-ui-bundle.js - 10/8/2023
fatal: GET con /apidocs/swagger-ui-standalone-preset.js - 10/8/2023
fatal: GET con /apidocs/swagger-ui-init.js - 10/8/2023
fatal: GET con /apidocs/favicon-32x32.png - 10/8/2023
fatal: GET con /apidocs/ - 10/8/2023
fatal: GET con /apidocs/swagger-ui.css - 10/8/2023
fatal: GET con /apidocs/swagger-ui-bundle.js - 10/8/2023
fatal: GET con /apidocs/swagger-ui-standalone-preset.js - 10/8/2023
fatal: GET con /apidocs/swagger-ui-init.js - 10/8/2023
fatal: GET con /apidocs/favicon-32x32.png - 10/8/2023
fatal: GET con /apidocs/ - 10/8/2023
fatal: GET con /apidocs/swagger-ui.css - 10/8/2023
fatal: GET con /apidocs/swagger-ui-bundle.js - 10/8/2023
fatal: GET con /apidocs/swagger-ui-standalone-preset.js - 10/8/2023
fatal: GET con /apidocs/swagger-ui-init.js - 10/8/2023
fatal: GET con /apidocs/favicon-32x32.png - 10/8/2023
fatal: GET con /apidocs/ - 10/8/2023
fatal: GET con /apidocs/swagger-ui.css - 10/8/2023
fatal: GET con /apidocs/swagger-ui-bundle.js - 10/8/2023
fatal: GET con /apidocs/swagger-ui-standalone-preset.js - 10/8/2023
fatal: GET con /apidocs/swagger-ui-init.js - 10/8/2023
fatal: GET con /apidocs/favicon-32x32.png - 10/8/2023
fatal: GET con /apidocs/ - 10/8/2023
fatal: GET con /apidocs/swagger-ui.css - 10/8/2023
fatal: GET con /apidocs/swagger-ui-bundle.js - 10/8/2023
fatal: GET con /apidocs/swagger-ui-standalone-preset.js - 10/8/2023
fatal: GET con /apidocs/swagger-ui-init.js - 10/8/2023
fatal: GET con /apidocs/favicon-32x32.png - 10/8/2023
fatal: GET con /apidocs/ - 10/8/2023
fatal: GET con /apidocs/swagger-ui.css - 10/8/2023
fatal: GET con /apidocs/swagger-ui-bundle.js - 10/8/2023
fatal: GET con /apidocs/swagger-ui-standalone-preset.js - 10/8/2023
fatal: GET con /apidocs/swagger-ui-init.js - 10/8/2023
fatal: GET con /apidocs/favicon-32x32.png - 10/8/2023
fatal: GET con /apidocs/ - 10/8/2023
fatal: GET con /apidocs/swagger-ui.css - 10/8/2023
fatal: GET con /apidocs/swagger-ui-bundle.js - 10/8/2023
fatal: GET con /apidocs/swagger-ui-standalone-preset.js - 10/8/2023
fatal: GET con /apidocs/swagger-ui-init.js - 10/8/2023
fatal: GET con /apidocs/favicon-32x32.png - 10/8/2023
fatal: GET con /apidocs/ - 10/8/2023
fatal: GET con /apidocs/swagger-ui.css - 10/8/2023
fatal: GET con /apidocs/swagger-ui-bundle.js - 10/8/2023
fatal: GET con /apidocs/swagger-ui-standalone-preset.js - 10/8/2023
fatal: GET con /apidocs/swagger-ui-init.js - 10/8/2023
fatal: GET con /apidocs/favicon-32x32.png - 10/8/2023
fatal: GET con /apidocs/ - 10/8/2023
fatal: GET con /apidocs/swagger-ui.css - 10/8/2023
fatal: GET con /apidocs/swagger-ui-bundle.js - 10/8/2023
fatal: GET con /apidocs/swagger-ui-standalone-preset.js - 10/8/2023
fatal: GET con /apidocs/swagger-ui-init.js - 10/8/2023
fatal: GET con /apidocs/favicon-32x32.png - 10/8/2023
fatal: GET con /apidocs/ - 10/8/2023
fatal: GET con /apidocs/swagger-ui.css - 10/8/2023
fatal: GET con /apidocs/swagger-ui-bundle.js - 10/8/2023
fatal: GET con /apidocs/swagger-ui-standalone-preset.js - 10/8/2023
fatal: GET con /apidocs/swagger-ui-init.js - 10/8/2023
fatal: GET con /apidocs/favicon-32x32.png - 10/8/2023
fatal: GET con /apidocs/ - 10/8/2023
fatal: GET con /apidocs/swagger-ui.css - 10/8/2023
fatal: GET con /apidocs/swagger-ui-bundle.js - 10/8/2023
fatal: GET con /apidocs/swagger-ui-standalone-preset.js - 10/8/2023
fatal: GET con /apidocs/swagger-ui-init.js - 10/8/2023
fatal: GET con /apidocs/ - 10/8/2023
fatal: GET con /apidocs/swagger-ui.css - 10/8/2023
fatal: GET con /apidocs/swagger-ui-bundle.js - 10/8/2023
fatal: GET con /apidocs/swagger-ui-standalone-preset.js - 10/8/2023
fatal: GET con /apidocs/swagger-ui-init.js - 10/8/2023
fatal: GET con /apidocs/favicon-32x32.png - 10/8/2023
fatal: GET con /apidocs/ - 10/8/2023
fatal: GET con /apidocs/swagger-ui.css - 10/8/2023
fatal: GET con /apidocs/swagger-ui-bundle.js - 10/8/2023
fatal: GET con /apidocs/swagger-ui-standalone-preset.js - 10/8/2023
fatal: GET con /apidocs/swagger-ui-init.js - 10/8/2023
fatal: GET con /apidocs/favicon-32x32.png - 10/8/2023
fatal: GET con /apidocs/ - 10/8/2023
fatal: GET con /apidocs/swagger-ui.css - 10/8/2023
fatal: GET con /apidocs/swagger-ui-bundle.js - 10/8/2023
fatal: GET con /apidocs/swagger-ui-standalone-preset.js - 10/8/2023
fatal: GET con /apidocs/swagger-ui-init.js - 10/8/2023
fatal: GET con /apidocs/favicon-32x32.png - 10/8/2023
fatal: GET con /apidocs/ - 10/8/2023
fatal: GET con /apidocs/swagger-ui.css - 10/8/2023
fatal: GET con /apidocs/swagger-ui-bundle.js - 10/8/2023
fatal: GET con /apidocs/swagger-ui-standalone-preset.js - 10/8/2023
fatal: GET con /apidocs/swagger-ui-init.js - 10/8/2023
fatal: GET con /apidocs/favicon-32x32.png - 10/8/2023
fatal: GET con /apidocs/ - 10/8/2023
fatal: GET con /apidocs/swagger-ui.css - 10/8/2023
fatal: GET con /apidocs/swagger-ui-bundle.js - 10/8/2023
fatal: GET con /apidocs/swagger-ui-standalone-preset.js - 10/8/2023
fatal: GET con /apidocs/swagger-ui-init.js - 10/8/2023
fatal: GET con /apidocs/favicon-32x32.png - 10/8/2023
fatal: GET con /apidocs/ - 10/8/2023
fatal: GET con /apidocs/swagger-ui.css - 10/8/2023
fatal: GET con /apidocs/swagger-ui-bundle.js - 10/8/2023
fatal: GET con /apidocs/swagger-ui-standalone-preset.js - 10/8/2023
fatal: GET con /apidocs/swagger-ui-init.js - 10/8/2023
fatal: GET con /apidocs/favicon-32x32.png - 10/8/2023
fatal: GET con /apidocs/ - 10/8/2023
fatal: GET con /apidocs/swagger-ui.css - 10/8/2023
fatal: GET con /apidocs/swagger-ui-bundle.js - 10/8/2023
fatal: GET con /apidocs/swagger-ui-standalone-preset.js - 10/8/2023
fatal: GET con /apidocs/swagger-ui-init.js - 10/8/2023
fatal: GET con /apidocs/favicon-32x32.png - 10/8/2023
fatal: GET con /apidocs/ - 10/8/2023
fatal: GET con /apidocs/swagger-ui.css - 10/8/2023
fatal: GET con /apidocs/swagger-ui-bundle.js - 10/8/2023
fatal: GET con /apidocs/swagger-ui-standalone-preset.js - 10/8/2023
fatal: GET con /apidocs/swagger-ui-init.js - 10/8/2023
fatal: GET con /apidocs/favicon-32x32.png - 10/8/2023
fatal: GET con /apidocs/ - 10/8/2023
fatal: GET con /apidocs/swagger-ui.css - 10/8/2023
fatal: GET con /apidocs/swagger-ui-bundle.js - 10/8/2023
fatal: GET con /apidocs/swagger-ui-standalone-preset.js - 10/8/2023
fatal: GET con /apidocs/swagger-ui-init.js - 10/8/2023
fatal: GET con /apidocs/favicon-32x32.png - 10/8/2023
fatal: GET con /apidocs/ - 10/8/2023
fatal: GET con /apidocs/swagger-ui.css - 10/8/2023
fatal: GET con /apidocs/swagger-ui-bundle.js - 10/8/2023
fatal: GET con /apidocs/swagger-ui-standalone-preset.js - 10/8/2023
fatal: GET con /apidocs/swagger-ui-init.js - 10/8/2023
fatal: GET con /apidocs/favicon-32x32.png - 10/8/2023
fatal: GET con /apidocs/ - 10/8/2023
fatal: GET con /apidocs/swagger-ui.css - 10/8/2023
fatal: GET con /apidocs/swagger-ui-bundle.js - 10/8/2023
fatal: GET con /apidocs/swagger-ui-standalone-preset.js - 10/8/2023
fatal: GET con /apidocs/swagger-ui-init.js - 10/8/2023
fatal: GET con /apidocs/favicon-32x32.png - 10/8/2023
fatal: GET con /apidocs/ - 10/8/2023
fatal: GET con /apidocs/swagger-ui.css - 10/8/2023
fatal: GET con /apidocs/swagger-ui-bundle.js - 10/8/2023
fatal: GET con /apidocs/swagger-ui-standalone-preset.js - 10/8/2023
fatal: GET con /apidocs/swagger-ui-init.js - 10/8/2023
fatal: GET con /apidocs/favicon-32x32.png - 10/8/2023
